<?xml version="1.0" encoding="UTF-8"?>
<!-- Generated by org.testng.reporters.JUnitXMLReporter -->
<testsuite hostname="MacBook-Air.local" name="Test cases" tests="4" failures="0" timestamp="20 May 2020 14:05:58 GMT" time="0.053" errors="0">
  <testcase name="Iphone1" time="0.019" classname="TestNGprog.GroupingConcept"/>
  <testcase name="Iphone2" time="0.001" classname="TestNGprog.GroupingConcept"/>
  <testcase name="Samsung1" time="0.002" classname="TestNGprog.GroupingConcept"/>
  <testcase name="Samsung2" time="0.001" classname="TestNGprog.GroupingConcept"/>
</testsuite> <!-- Test cases -->
