<?xml version="1.0" encoding="UTF-8"?>
<testng-results skipped="0" failed="0" total="2" passed="2">
  <reporter-output>
  </reporter-output>
  <suite name="Default suite" duration-ms="22419" started-at="2021-02-23T16:34:15Z" finished-at="2021-02-23T16:34:38Z">
    <groups>
    </groups>
    <test name="Default test" duration-ms="22419" started-at="2021-02-23T16:34:15Z" finished-at="2021-02-23T16:34:38Z">
      <class name="TestNGprog.Dataproviderex">
        <test-method status="PASS" signature="Lanuching()[pri:0, instance:TestNGprog.Dataproviderex@4563e9ab]" name="Lanuching" is-config="true" duration-ms="11733" started-at="2021-02-23T22:04:15Z" finished-at="2021-02-23T22:04:27Z">
          <reporter-output>
          </reporter-output>
        </test-method> <!-- Lanuching -->
        <test-method status="PASS" signature="login(java.lang.String, java.lang.String)[pri:0, instance:TestNGprog.Dataproviderex@4563e9ab]" name="login" duration-ms="705" started-at="2021-02-23T22:04:27Z" data-provider="Regreesion" finished-at="2021-02-23T22:04:28Z">
          <params>
            <param index="0">
              <value>
                <![CDATA[rakhesh07]]>
              </value>
            </param>
            <param index="1">
              <value>
                <![CDATA[Yakesh07]]>
              </value>
            </param>
          </params>
          <reporter-output>
          </reporter-output>
        </test-method> <!-- login -->
        <test-method status="PASS" signature="Lanuching()[pri:0, instance:TestNGprog.Dataproviderex@4563e9ab]" name="Lanuching" is-config="true" duration-ms="7821" started-at="2021-02-23T22:04:28Z" finished-at="2021-02-23T22:04:36Z">
          <reporter-output>
          </reporter-output>
        </test-method> <!-- Lanuching -->
        <test-method status="PASS" signature="login(java.lang.String, java.lang.String)[pri:0, instance:TestNGprog.Dataproviderex@4563e9ab]" name="login" duration-ms="2139" started-at="2021-02-23T22:04:36Z" data-provider="Regreesion" finished-at="2021-02-23T22:04:38Z">
          <params>
            <param index="0">
              <value>
                <![CDATA[Saran4Harish]]>
              </value>
            </param>
            <param index="1">
              <value>
                <![CDATA[kanishka2!]]>
              </value>
            </param>
          </params>
          <reporter-output>
          </reporter-output>
        </test-method> <!-- login -->
      </class> <!-- TestNGprog.Dataproviderex -->
    </test> <!-- Default test -->
  </suite> <!-- Default suite -->
</testng-results>
